1645633852822	geckodriver	INFO	Listening on 127.0.0.1:54725
1645633853327	mozrunner::runner	INFO	Running command: "/usr/bin/firefox" "--marionette" "--remote-debugging-port" "51005" "-no-remote" "-profile" "/tmp/rust_mozprofiledmC6EK"
1645633853727	Marionette	INFO	Marionette enabled
console.warn: SearchSettings: "get: No settings file exists, new profile?" (new NotFoundError("Could not open the file at /tmp/rust_mozprofiledmC6EK/search.json.mozlz4", (void 0)))
DevTools listening on ws://localhost:51005/devtools/browser/0e313d4a-235b-4058-890f-cbda011fa78b
1645633855066	Marionette	INFO	Listening on port 40231
1645633855187	RemoteAgent	WARN	TLS certificate errors will be ignored for this session
JavaScript error: resource://gre/actors/AutoCompleteChild.jsm, line 125: Error: Invalid autocomplete selectedIndex
JavaScript error: resource://gre/actors/AutoCompleteChild.jsm, line 125: Error: Invalid autocomplete selectedIndex
JavaScript error: resource://gre/modules/LoginManagerChild.jsm, line 194: NS_ERROR_XPC_JAVASCRIPT_ERROR_WITH_DETAILS: [JavaScript Error: "Invalid autocomplete selectedIndex" {file: "resource://gre/actors/AutoCompleteChild.jsm" line: 125}]'[JavaScript Error: "Invalid autocomplete selectedIndex" {file: "resource://gre/actors/AutoCompleteChild.jsm" line: 125}]' when calling method: [nsIAutoCompletePopup::selectedIndex]
console.warn: LoginRecipes: "getRecipes: falling back to a synchronous message for:" "https://buscacepinter.correios.com.br"
console.warn: LoginRecipes: "getRecipes: falling back to a synchronous message for:" "https://buscacepinter.correios.com.br"
console.warn: LoginRecipes: "getRecipes: falling back to a synchronous message for:" "https://buscacepinter.correios.com.br"
console.warn: LoginRecipes: "getRecipes: falling back to a synchronous message for:" "https://buscacepinter.correios.com.br"
console.warn: LoginRecipes: "getRecipes: falling back to a synchronous message for:" "https://buscacepinter.correios.com.br"
1645633868006	Marionette	INFO	Stopped listening on port 40231
1652924259093	geckodriver	INFO	Listening on 127.0.0.1:52585
1652924259593	mozrunner::runner	INFO	Running command: "/usr/bin/firefox" "--marionette" "--remote-debugging-port" "45525" "-no-remote" "-profile" "/tmp/rust_mozprofilew5sI9O"
1652924260014	Marionette	INFO	Marionette enabled
console.warn: SearchSettings: "get: No settings file exists, new profile?" (new NotFoundError("Could not open the file at /tmp/rust_mozprofilew5sI9O/search.json.mozlz4", (void 0)))
DevTools listening on ws://localhost:45525/devtools/browser/73dad970-039a-4dc9-beeb-10df7d57a5c0
1652924261043	Marionette	INFO	Listening on port 33647
1652924261110	RemoteAgent	WARN	TLS certificate errors will be ignored for this session
console.warn: LoginRecipes: "getRecipes: falling back to a synchronous message for:" "https://buscacepinter.correios.com.br"
console.warn: LoginRecipes: "getRecipes: falling back to a synchronous message for:" "https://buscacepinter.correios.com.br"
console.warn: LoginRecipes: "getRecipes: falling back to a synchronous message for:" "https://buscacepinter.correios.com.br"
console.warn: LoginRecipes: "getRecipes: falling back to a synchronous message for:" "https://buscacepinter.correios.com.br"
console.warn: LoginRecipes: "getRecipes: falling back to a synchronous message for:" "https://buscacepinter.correios.com.br"
1652924274194	Marionette	INFO	Stopped listening on port 33647

###!!! [Parent][PImageBridgeParent] Error: RunMessage(msgname=PImageBridge::Msg_WillClose) Channel closing: too late to send/recv, messages will be lost

